<?xml version="1.0" encoding="UTF-8"?>
<!-- Generated by org.testng.reporters.JUnitReportReporter -->
<testsuite hostname="Lenovo" failures="0" tests="6" name="in.reqres.ReqResUserServiceTestCases" time="43.048" errors="0" timestamp="2025-07-07T09:37:06 IST" skipped="0">
  <testcase classname="in.reqres.ReqResUserServiceTestCases" name="postUser" time="7.634"/>
  <testcase classname="in.reqres.ReqResUserServiceTestCases" name="deleteUser" time="5.550"/>
  <testcase classname="in.reqres.ReqResUserServiceTestCases" name="getAllUsers" time="7.421"/>
  <testcase classname="in.reqres.ReqResUserServiceTestCases" name="putUser" time="7.519"/>
  <testcase classname="in.reqres.ReqResUserServiceTestCases" name="patchUser" time="7.450"/>
  <testcase classname="in.reqres.ReqResUserServiceTestCases" name="getSingleUser" time="7.474"/>
</testsuite> <!-- in.reqres.ReqResUserServiceTestCases -->
