<?xml version="1.0" encoding="UTF-8"?>
<!-- Generated by org.testng.reporters.JUnitReportReporter -->
<testsuite hostname="Lenovo" failures="0" tests="1" name="in.reqres.UserServiceTest" time="5.995" errors="0" timestamp="2025-07-10T08:44:27 IST" skipped="0">
  <testcase classname="in.reqres.UserServiceTest" name="getSingleUserTest" time="5.995"/>
</testsuite> <!-- in.reqres.UserServiceTest -->
