<?xml version="1.0" encoding="UTF-8"?>
<!-- Generated by org.testng.reporters.JUnitReportReporter -->
<testsuite hostname="Lenovo" failures="0" tests="1" name="runners.TestRunner" time="6.486" errors="0" timestamp="2025-07-16T08:18:17 IST" skipped="0">
  <testcase classname="runners.TestRunner" name="runScenario" time="6.486"/>
</testsuite> <!-- runners.TestRunner -->
